# JRE version: Java(TM) SE Runtime Environment (21.0.2+13) (build 21.0.2+13-LTS-58)
# Java VM: Java HotSpot(TM) 64-Bit Server VM (21.0.2+13-LTS-58, mixed mode, sharing, tiered, compressed oops, compressed class ptrs, g1 gc, windows-amd64)
GC Precious Log:
 CardTable entry size: 512
 Card Set container configuration: InlinePtr #cards 5 size 8 Array Of Cards #cards 12 size 40 Howl #buckets 4 coarsen threshold 1843 Howl Bitmap #cards 512 size 80 coarsen threshold 460 Card regions per heap region 1 cards per card region 2048
 CPUs: 4 total, 4 available
 Memory: 3460M
 Large Page Support: Disabled
 NUMA Support: Disabled
 Compressed Oops: Enabled (32-bit)
 Heap Region Size: 1M
 Heap Min Capacity: 8M
 Heap Initial Capacity: 56M
 Heap Max Capacity: 866M
 Pre-touch: Disabled
 Parallel Workers: 4
 Concurrent Workers: 1
 Concurrent Refinement Workers: 4
 Periodic GC: Disabled
Heap:
 garbage-first heap   total 549888K, used 535406K [0x00000000c9e00000, 0x0000000100000000)
  region size 1024K, 18 young (18432K), 2 survivors (2048K)
 Metaspace       used 23494K, committed 23808K, reserved 1114112K
  class space    used 3318K, committed 3456K, reserved 1048576K
GC Heap History (16 events):
Event: 1.286 GC heap before
{Heap before GC invocations=0 (full 0):
 garbage-first heap   total 57344K, used 12288K [0x00000000c9e00000, 0x0000000100000000)
  region size 1024K, 13 young (13312K), 0 survivors (0K)
 Metaspace       used 1284K, committed 1408K, reserved 1114112K
  class space    used 103K, committed 192K, reserved 1048576K
}
Event: 1.294 GC heap after
{Heap after GC invocations=1 (full 0):
 garbage-first heap   total 57344K, used 1216K [0x00000000c9e00000, 0x0000000100000000)
  region size 1024K, 2 young (2048K), 2 survivors (2048K)
 Metaspace       used 1284K, committed 1408K, reserved 1114112K
  class space    used 103K, committed 192K, reserved 1048576K
}
Event: 4.597 GC heap before
{Heap before GC invocations=1 (full 0):
 garbage-first heap   total 57344K, used 25792K [0x00000000c9e00000, 0x0000000100000000)
  region size 1024K, 27 young (27648K), 2 survivors (2048K)
 Metaspace       used 7974K, committed 8192K, reserved 1114112K
  class space    used 979K, committed 1088K, reserved 1048576K
}
Event: 4.609 GC heap after
{Heap after GC invocations=2 (full 0):
 garbage-first heap   total 57344K, used 5009K [0x00000000c9e00000, 0x0000000100000000)
  region size 1024K, 4 young (4096K), 4 survivors (4096K)
 Metaspace       used 7974K, committed 8192K, reserved 1114112K
  class space    used 979K, committed 1088K, reserved 1048576K
}
Event: 8.871 GC heap before
{Heap before GC invocations=2 (full 0):
 garbage-first heap   total 57344K, used 40849K [0x00000000c9e00000, 0x0000000100000000)
  region size 1024K, 32 young (32768K), 4 survivors (4096K)
 Metaspace       used 13756K, committed 14144K, reserved 1114112K
  class space    used 1875K, committed 2048K, reserved 1048576K
}
Event: 8.882 GC heap after
{Heap after GC invocations=3 (full 0):
 garbage-first heap   total 57344K, used 16363K [0x00000000c9e00000, 0x0000000100000000)
  region size 1024K, 3 young (3072K), 3 survivors (3072K)
 Metaspace       used 13756K, committed 14144K, reserved 1114112K
  class space    used 1875K, committed 2048K, reserved 1048576K
}
Event: 22.658 GC heap before
{Heap before GC invocations=3 (full 0):
 garbage-first heap   total 57344K, used 50155K [0x00000000c9e00000, 0x0000000100000000)
  region size 1024K, 28 young (28672K), 3 survivors (3072K)
 Metaspace       used 18730K, committed 19136K, reserved 1114112K
  class space    used 2691K, committed 2880K, reserved 1048576K
}
Event: 22.680 GC heap after
{Heap after GC invocations=4 (full 0):
 garbage-first heap   total 58368K, used 29454K [0x00000000c9e00000, 0x0000000100000000)
  region size 1024K, 3 young (3072K), 3 survivors (3072K)
 Metaspace       used 18730K, committed 19136K, reserved 1114112K
  class space    used 2691K, committed 2880K, reserved 1048576K
}
Event: 24.381 GC heap before
{Heap before GC invocations=5 (full 0):
 garbage-first heap   total 209920K, used 209678K [0x00000000c9e00000, 0x0000000100000000)
  region size 1024K, 9 young (9216K), 3 survivors (3072K)
 Metaspace       used 19795K, committed 20160K, reserved 1114112K
  class space    used 2893K, committed 3072K, reserved 1048576K
}
Event: 24.388 GC heap after
{Heap after GC invocations=6 (full 0):
 garbage-first heap   total 214016K, used 184828K [0x00000000c9e00000, 0x0000000100000000)
  region size 1024K, 1 young (1024K), 1 survivors (1024K)
 Metaspace       used 19795K, committed 20160K, reserved 1114112K
  class space    used 2893K, committed 3072K, reserved 1048576K
}
Event: 64.807 GC heap before
{Heap before GC invocations=6 (full 0):
 garbage-first heap   total 214016K, used 208380K [0x00000000c9e00000, 0x0000000100000000)
  region size 1024K, 17 young (17408K), 1 survivors (1024K)
 Metaspace       used 21714K, committed 22144K, reserved 1114112K
  class space    used 3204K, committed 3392K, reserved 1048576K
}
Event: 64.817 GC heap after
{Heap after GC invocations=7 (full 0):
 garbage-first heap   total 215040K, used 196222K [0x00000000c9e00000, 0x0000000100000000)
  region size 1024K, 3 young (3072K), 3 survivors (3072K)
 Metaspace       used 21714K, committed 22144K, reserved 1114112K
  class space    used 3204K, committed 3392K, reserved 1048576K
}
Event: 69.697 GC heap before
{Heap before GC invocations=7 (full 0):
 garbage-first heap   total 215040K, used 203390K [0x00000000c9e00000, 0x0000000100000000)
  region size 1024K, 10 young (10240K), 3 survivors (3072K)
 Metaspace       used 22398K, committed 22784K, reserved 1114112K
  class space    used 3285K, committed 3456K, reserved 1048576K
}
Event: 69.706 GC heap after
{Heap after GC invocations=8 (full 0):
 garbage-first heap   total 215040K, used 198184K [0x00000000c9e00000, 0x0000000100000000)
  region size 1024K, 2 young (2048K), 2 survivors (2048K)
 Metaspace       used 22398K, committed 22784K, reserved 1114112K
  class space    used 3285K, committed 3456K, reserved 1048576K
}
Event: 84.489 GC heap before
{Heap before GC invocations=9 (full 0):
 garbage-first heap   total 407552K, used 370216K [0x00000000c9e00000, 0x0000000100000000)
  region size 1024K, 16 young (16384K), 2 survivors (2048K)
 Metaspace       used 23238K, committed 23552K, reserved 1114112K
  class space    used 3317K, committed 3456K, reserved 1048576K
}
Event: 84.508 GC heap after
{Heap after GC invocations=10 (full 0):
 garbage-first heap   total 407552K, used 338798K [0x00000000c9e00000, 0x0000000100000000)
  region size 1024K, 2 young (2048K), 2 survivors (2048K)
 Metaspace       used 23238K, committed 23552K, reserved 1114112K
  class space    used 3317K, committed 3456K, reserved 1048576K
}

