# JRE version: Java(TM) SE Runtime Environment (21.0.2+13) (build 21.0.2+13-LTS-58)
# Java VM: Java HotSpot(TM) 64-Bit Server VM (21.0.2+13-LTS-58, mixed mode, sharing, tiered, compressed oops, compressed class ptrs, g1 gc, windows-amd64)
GC Precious Log:
 CardTable entry size: 512
 Card Set container configuration: InlinePtr #cards 5 size 8 Array Of Cards #cards 12 size 40 Howl #buckets 4 coarsen threshold 1843 Howl Bitmap #cards 512 size 80 coarsen threshold 460 Card regions per heap region 1 cards per card region 2048
 CPUs: 4 total, 4 available
 Memory: 3460M
 Large Page Support: Disabled
 NUMA Support: Disabled
 Compressed Oops: Enabled (32-bit)
 Heap Region Size: 1M
 Heap Min Capacity: 8M
 Heap Initial Capacity: 56M
 Heap Max Capacity: 866M
 Pre-touch: Disabled
 Parallel Workers: 4
 Concurrent Workers: 1
 Concurrent Refinement Workers: 4
 Periodic GC: Disabled
Heap:
 garbage-first heap   total 381952K, used 364034K [0x00000000c9e00000, 0x0000000100000000)
  region size 1024K, 10 young (10240K), 2 survivors (2048K)
 Metaspace       used 23233K, committed 23552K, reserved 1114112K
  class space    used 3321K, committed 3456K, reserved 1048576K
GC Heap History (18 events):
Event: 1.106 GC heap before
{Heap before GC invocations=0 (full 0):
 garbage-first heap   total 57344K, used 12288K [0x00000000c9e00000, 0x0000000100000000)
  region size 1024K, 13 young (13312K), 0 survivors (0K)
 Metaspace       used 1315K, committed 1472K, reserved 1114112K
  class space    used 105K, committed 192K, reserved 1048576K
}
Event: 1.113 GC heap after
{Heap after GC invocations=1 (full 0):
 garbage-first heap   total 57344K, used 1216K [0x00000000c9e00000, 0x0000000100000000)
  region size 1024K, 2 young (2048K), 2 survivors (2048K)
 Metaspace       used 1315K, committed 1472K, reserved 1114112K
  class space    used 105K, committed 192K, reserved 1048576K
}
Event: 3.625 GC heap before
{Heap before GC invocations=1 (full 0):
 garbage-first heap   total 57344K, used 25792K [0x00000000c9e00000, 0x0000000100000000)
  region size 1024K, 27 young (27648K), 2 survivors (2048K)
 Metaspace       used 7957K, committed 8192K, reserved 1114112K
  class space    used 973K, committed 1088K, reserved 1048576K
}
Event: 3.638 GC heap after
{Heap after GC invocations=2 (full 0):
 garbage-first heap   total 57344K, used 5051K [0x00000000c9e00000, 0x0000000100000000)
  region size 1024K, 4 young (4096K), 4 survivors (4096K)
 Metaspace       used 7957K, committed 8192K, reserved 1114112K
  class space    used 973K, committed 1088K, reserved 1048576K
}
Event: 5.533 GC heap before
{Heap before GC invocations=2 (full 0):
 garbage-first heap   total 57344K, used 40891K [0x00000000c9e00000, 0x0000000100000000)
  region size 1024K, 32 young (32768K), 4 survivors (4096K)
 Metaspace       used 13672K, committed 14016K, reserved 1114112K
  class space    used 1882K, committed 2048K, reserved 1048576K
}
Event: 5.549 GC heap after
{Heap after GC invocations=3 (full 0):
 garbage-first heap   total 57344K, used 16126K [0x00000000c9e00000, 0x0000000100000000)
  region size 1024K, 3 young (3072K), 3 survivors (3072K)
 Metaspace       used 13672K, committed 14016K, reserved 1114112K
  class space    used 1882K, committed 2048K, reserved 1048576K
}
Event: 18.262 GC heap before
{Heap before GC invocations=3 (full 0):
 garbage-first heap   total 57344K, used 49918K [0x00000000c9e00000, 0x0000000100000000)
  region size 1024K, 28 young (28672K), 3 survivors (3072K)
 Metaspace       used 18659K, committed 19072K, reserved 1114112K
  class space    used 2691K, committed 2880K, reserved 1048576K
}
Event: 18.276 GC heap after
{Heap after GC invocations=4 (full 0):
 garbage-first heap   total 59392K, used 29473K [0x00000000c9e00000, 0x0000000100000000)
  region size 1024K, 4 young (4096K), 4 survivors (4096K)
 Metaspace       used 18659K, committed 19072K, reserved 1114112K
  class space    used 2691K, committed 2880K, reserved 1048576K
}
Event: 18.369 GC heap before
{Heap before GC invocations=4 (full 0):
 garbage-first heap   total 59392K, used 39713K [0x00000000c9e00000, 0x0000000100000000)
  region size 1024K, 5 young (5120K), 4 survivors (4096K)
 Metaspace       used 18662K, committed 19072K, reserved 1114112K
  class space    used 2691K, committed 2880K, reserved 1048576K
}
Event: 18.374 GC heap after
{Heap after GC invocations=5 (full 0):
 garbage-first heap   total 59392K, used 39717K [0x00000000c9e00000, 0x0000000100000000)
  region size 1024K, 1 young (1024K), 1 survivors (1024K)
 Metaspace       used 18662K, committed 19072K, reserved 1114112K
  class space    used 2691K, committed 2880K, reserved 1048576K
}
Event: 18.695 GC heap before
{Heap before GC invocations=6 (full 0):
 garbage-first heap   total 137216K, used 80677K [0x00000000c9e00000, 0x0000000100000000)
  region size 1024K, 2 young (2048K), 1 survivors (1024K)
 Metaspace       used 18671K, committed 19072K, reserved 1114112K
  class space    used 2691K, committed 2880K, reserved 1048576K
}
Event: 18.697 GC heap after
{Heap after GC invocations=7 (full 0):
 garbage-first heap   total 137216K, used 80474K [0x00000000c9e00000, 0x0000000100000000)
  region size 1024K, 1 young (1024K), 1 survivors (1024K)
 Metaspace       used 18671K, committed 19072K, reserved 1114112K
  class space    used 2691K, committed 2880K, reserved 1048576K
}
Event: 23.906 GC heap before
{Heap before GC invocations=8 (full 0):
 garbage-first heap   total 203776K, used 201306K [0x00000000c9e00000, 0x0000000100000000)
  region size 1024K, 18 young (18432K), 1 survivors (1024K)
 Metaspace       used 21080K, committed 21504K, reserved 1114112K
  class space    used 3107K, committed 3328K, reserved 1048576K
}
Event: 23.916 GC heap after
{Heap after GC invocations=9 (full 0):
 garbage-first heap   total 206848K, used 178427K [0x00000000c9e00000, 0x0000000100000000)
  region size 1024K, 3 young (3072K), 3 survivors (3072K)
 Metaspace       used 21080K, committed 21504K, reserved 1114112K
  class space    used 3107K, committed 3328K, reserved 1048576K
}
Event: 28.519 GC heap before
{Heap before GC invocations=9 (full 0):
 garbage-first heap   total 206848K, used 198907K [0x00000000c9e00000, 0x0000000100000000)
  region size 1024K, 16 young (16384K), 3 survivors (3072K)
 Metaspace       used 22499K, committed 22912K, reserved 1114112K
  class space    used 3292K, committed 3456K, reserved 1048576K
}
Event: 28.539 GC heap after
{Heap after GC invocations=10 (full 0):
 garbage-first heap   total 207872K, used 189701K [0x00000000c9e00000, 0x0000000100000000)
  region size 1024K, 2 young (2048K), 2 survivors (2048K)
 Metaspace       used 22499K, committed 22912K, reserved 1114112K
  class space    used 3292K, committed 3456K, reserved 1048576K
}
Event: 39.050 GC heap before
{Heap before GC invocations=10 (full 0):
 garbage-first heap   total 207872K, used 197893K [0x00000000c9e00000, 0x0000000100000000)
  region size 1024K, 10 young (10240K), 2 survivors (2048K)
 Metaspace       used 23097K, committed 23424K, reserved 1114112K
  class space    used 3321K, committed 3456K, reserved 1048576K
}
Event: 39.057 GC heap after
{Heap after GC invocations=11 (full 0):
 garbage-first heap   total 207872K, used 190978K [0x00000000c9e00000, 0x0000000100000000)
  region size 1024K, 2 young (2048K), 2 survivors (2048K)
 Metaspace       used 23097K, committed 23424K, reserved 1114112K
  class space    used 3321K, committed 3456K, reserved 1048576K
}

